CRITICAL - 2024-12-09 07:56:38 --> CodeIgniter\HTTP\Exceptions\BadRequestException: The URI you submitted has disallowed characters: "function(n){var r,e,i,t=this[0];return arguments.length"
[Method: GET, Route: getFormData/function%28n%29%7Bvar%20r,e,i,t=this%5B0%5D;return%20arguments.length]
in SYSTEMPATH\Router\Router.php on line 737.
 1 SYSTEMPATH\Router\Router.php(204): CodeIgniter\Router\Router->checkDisallowedChars('getFormData/function(n){var r,e,i,t=this[0];return arguments.length')
 2 SYSTEMPATH\CodeIgniter.php(834): CodeIgniter\Router\Router->handle('getFormData/function(n){var r,e,i,t=this[0];return arguments.length')
 3 SYSTEMPATH\CodeIgniter.php(457): CodeIgniter\CodeIgniter->tryToRouteIt(Object(CodeIgniter\Router\RouteCollection))
 4 SYSTEMPATH\CodeIgniter.php(355): CodeIgniter\CodeIgniter->handleRequest(null, Object(Config\Cache), false)
 5 SYSTEMPATH\Boot.php(325): CodeIgniter\CodeIgniter->run()
 6 SYSTEMPATH\Boot.php(67): CodeIgniter\Boot::runCodeIgniter(Object(CodeIgniter\CodeIgniter))
 7 FCPATH\index.php(56): CodeIgniter\Boot::bootWeb(Object(Config\Paths))
 8 SYSTEMPATH\rewrite.php(44): require_once('C:\\xampp\\htdocs\\komal\\Codeigniter\\MultiForm\\public\\index.php')
CRITICAL - 2024-12-09 07:56:53 --> CodeIgniter\HTTP\Exceptions\BadRequestException: The URI you submitted has disallowed characters: "function(n){var r,e,i,t=this[0];return arguments.length"
[Method: GET, Route: getFormData/function%28n%29%7Bvar%20r,e,i,t=this%5B0%5D;return%20arguments.length]
in SYSTEMPATH\Router\Router.php on line 737.
 1 SYSTEMPATH\Router\Router.php(204): CodeIgniter\Router\Router->checkDisallowedChars('getFormData/function(n){var r,e,i,t=this[0];return arguments.length')
 2 SYSTEMPATH\CodeIgniter.php(834): CodeIgniter\Router\Router->handle('getFormData/function(n){var r,e,i,t=this[0];return arguments.length')
 3 SYSTEMPATH\CodeIgniter.php(457): CodeIgniter\CodeIgniter->tryToRouteIt(Object(CodeIgniter\Router\RouteCollection))
 4 SYSTEMPATH\CodeIgniter.php(355): CodeIgniter\CodeIgniter->handleRequest(null, Object(Config\Cache), false)
 5 SYSTEMPATH\Boot.php(325): CodeIgniter\CodeIgniter->run()
 6 SYSTEMPATH\Boot.php(67): CodeIgniter\Boot::runCodeIgniter(Object(CodeIgniter\CodeIgniter))
 7 FCPATH\index.php(56): CodeIgniter\Boot::bootWeb(Object(Config\Paths))
 8 SYSTEMPATH\rewrite.php(44): require_once('C:\\xampp\\htdocs\\komal\\Codeigniter\\MultiForm\\public\\index.php')
CRITICAL - 2024-12-09 07:57:32 --> CodeIgniter\HTTP\Exceptions\BadRequestException: The URI you submitted has disallowed characters: "function(n){var r,e,i,t=this[0];return arguments.length"
[Method: GET, Route: getFormData/function%28n%29%7Bvar%20r,e,i,t=this%5B0%5D;return%20arguments.length]
in SYSTEMPATH\Router\Router.php on line 737.
 1 SYSTEMPATH\Router\Router.php(204): CodeIgniter\Router\Router->checkDisallowedChars('getFormData/function(n){var r,e,i,t=this[0];return arguments.length')
 2 SYSTEMPATH\CodeIgniter.php(834): CodeIgniter\Router\Router->handle('getFormData/function(n){var r,e,i,t=this[0];return arguments.length')
 3 SYSTEMPATH\CodeIgniter.php(457): CodeIgniter\CodeIgniter->tryToRouteIt(Object(CodeIgniter\Router\RouteCollection))
 4 SYSTEMPATH\CodeIgniter.php(355): CodeIgniter\CodeIgniter->handleRequest(null, Object(Config\Cache), false)
 5 SYSTEMPATH\Boot.php(325): CodeIgniter\CodeIgniter->run()
 6 SYSTEMPATH\Boot.php(67): CodeIgniter\Boot::runCodeIgniter(Object(CodeIgniter\CodeIgniter))
 7 FCPATH\index.php(56): CodeIgniter\Boot::bootWeb(Object(Config\Paths))
 8 SYSTEMPATH\rewrite.php(44): require_once('C:\\xampp\\htdocs\\komal\\Codeigniter\\MultiForm\\public\\index.php')
CRITICAL - 2024-12-09 11:57:50 --> ErrorException: Undefined property: App\Controllers\MultistepController::$load
[Method: GET, Route: fetch-data]
in APPPATH\Controllers\MultistepController.php on line 79.
 1 APPPATH\Controllers\MultistepController.php(79): CodeIgniter\Debug\Exceptions->errorHandler(2, 'Undefined property: App\\Controllers\\MultistepController::$load', 'C:\\xampp\\htdocs\\komal\\Codeigniter\\MultiForm\\app\\Controllers\\MultistepController.php', 79)
 2 SYSTEMPATH\CodeIgniter.php(933): App\Controllers\MultistepController->fetchData()
 3 SYSTEMPATH\CodeIgniter.php(509): CodeIgniter\CodeIgniter->runController(Object(App\Controllers\MultistepController))
 4 SYSTEMPATH\CodeIgniter.php(355): CodeIgniter\CodeIgniter->handleRequest(null, Object(Config\Cache), false)
 5 SYSTEMPATH\Boot.php(325): CodeIgniter\CodeIgniter->run()
 6 SYSTEMPATH\Boot.php(67): CodeIgniter\Boot::runCodeIgniter(Object(CodeIgniter\CodeIgniter))
 7 FCPATH\index.php(56): CodeIgniter\Boot::bootWeb(Object(Config\Paths))
 8 SYSTEMPATH\rewrite.php(44): require_once('C:\\xampp\\htdocs\\komal\\Codeigniter\\MultiForm\\public\\index.php')
CRITICAL - 2024-12-09 11:57:50 --> ErrorException: Undefined property: App\Controllers\MultistepController::$load
[Method: GET, Route: fetch-data]
in APPPATH\Controllers\MultistepController.php on line 79.
 1 APPPATH\Controllers\MultistepController.php(79): CodeIgniter\Debug\Exceptions->errorHandler(2, 'Undefined property: App\\Controllers\\MultistepController::$load', 'C:\\xampp\\htdocs\\komal\\Codeigniter\\MultiForm\\app\\Controllers\\MultistepController.php', 79)
 2 SYSTEMPATH\CodeIgniter.php(933): App\Controllers\MultistepController->fetchData()
 3 SYSTEMPATH\CodeIgniter.php(509): CodeIgniter\CodeIgniter->runController(Object(App\Controllers\MultistepController))
 4 SYSTEMPATH\CodeIgniter.php(355): CodeIgniter\CodeIgniter->handleRequest(null, Object(Config\Cache), false)
 5 SYSTEMPATH\Boot.php(325): CodeIgniter\CodeIgniter->run()
 6 SYSTEMPATH\Boot.php(67): CodeIgniter\Boot::runCodeIgniter(Object(CodeIgniter\CodeIgniter))
 7 FCPATH\index.php(56): CodeIgniter\Boot::bootWeb(Object(Config\Paths))
 8 SYSTEMPATH\rewrite.php(44): require_once('C:\\xampp\\htdocs\\komal\\Codeigniter\\MultiForm\\public\\index.php')
CRITICAL - 2024-12-09 11:57:59 --> ErrorException: Undefined property: App\Controllers\MultistepController::$load
[Method: GET, Route: fetch-data]
in APPPATH\Controllers\MultistepController.php on line 79.
 1 APPPATH\Controllers\MultistepController.php(79): CodeIgniter\Debug\Exceptions->errorHandler(2, 'Undefined property: App\\Controllers\\MultistepController::$load', 'C:\\xampp\\htdocs\\komal\\Codeigniter\\MultiForm\\app\\Controllers\\MultistepController.php', 79)
 2 SYSTEMPATH\CodeIgniter.php(933): App\Controllers\MultistepController->fetchData()
 3 SYSTEMPATH\CodeIgniter.php(509): CodeIgniter\CodeIgniter->runController(Object(App\Controllers\MultistepController))
 4 SYSTEMPATH\CodeIgniter.php(355): CodeIgniter\CodeIgniter->handleRequest(null, Object(Config\Cache), false)
 5 SYSTEMPATH\Boot.php(325): CodeIgniter\CodeIgniter->run()
 6 SYSTEMPATH\Boot.php(67): CodeIgniter\Boot::runCodeIgniter(Object(CodeIgniter\CodeIgniter))
 7 FCPATH\index.php(56): CodeIgniter\Boot::bootWeb(Object(Config\Paths))
 8 SYSTEMPATH\rewrite.php(44): require_once('C:\\xampp\\htdocs\\komal\\Codeigniter\\MultiForm\\public\\index.php')
CRITICAL - 2024-12-09 11:58:07 --> ErrorException: Undefined property: App\Controllers\MultistepController::$load
[Method: GET, Route: fetch-data]
in APPPATH\Controllers\MultistepController.php on line 79.
 1 APPPATH\Controllers\MultistepController.php(79): CodeIgniter\Debug\Exceptions->errorHandler(2, 'Undefined property: App\\Controllers\\MultistepController::$load', 'C:\\xampp\\htdocs\\komal\\Codeigniter\\MultiForm\\app\\Controllers\\MultistepController.php', 79)
 2 SYSTEMPATH\CodeIgniter.php(933): App\Controllers\MultistepController->fetchData()
 3 SYSTEMPATH\CodeIgniter.php(509): CodeIgniter\CodeIgniter->runController(Object(App\Controllers\MultistepController))
 4 SYSTEMPATH\CodeIgniter.php(355): CodeIgniter\CodeIgniter->handleRequest(null, Object(Config\Cache), false)
 5 SYSTEMPATH\Boot.php(325): CodeIgniter\CodeIgniter->run()
 6 SYSTEMPATH\Boot.php(67): CodeIgniter\Boot::runCodeIgniter(Object(CodeIgniter\CodeIgniter))
 7 FCPATH\index.php(56): CodeIgniter\Boot::bootWeb(Object(Config\Paths))
 8 SYSTEMPATH\rewrite.php(44): require_once('C:\\xampp\\htdocs\\komal\\Codeigniter\\MultiForm\\public\\index.php')
CRITICAL - 2024-12-09 11:59:49 --> ErrorException: Undefined property: App\Controllers\MultistepController::$load
[Method: GET, Route: fetch-data]
in APPPATH\Controllers\MultistepController.php on line 79.
 1 APPPATH\Controllers\MultistepController.php(79): CodeIgniter\Debug\Exceptions->errorHandler(2, 'Undefined property: App\\Controllers\\MultistepController::$load', 'C:\\xampp\\htdocs\\komal\\Codeigniter\\MultiForm\\app\\Controllers\\MultistepController.php', 79)
 2 SYSTEMPATH\CodeIgniter.php(933): App\Controllers\MultistepController->fetchData()
 3 SYSTEMPATH\CodeIgniter.php(509): CodeIgniter\CodeIgniter->runController(Object(App\Controllers\MultistepController))
 4 SYSTEMPATH\CodeIgniter.php(355): CodeIgniter\CodeIgniter->handleRequest(null, Object(Config\Cache), false)
 5 SYSTEMPATH\Boot.php(325): CodeIgniter\CodeIgniter->run()
 6 SYSTEMPATH\Boot.php(67): CodeIgniter\Boot::runCodeIgniter(Object(CodeIgniter\CodeIgniter))
 7 FCPATH\index.php(56): CodeIgniter\Boot::bootWeb(Object(Config\Paths))
 8 SYSTEMPATH\rewrite.php(44): require_once('C:\\xampp\\htdocs\\komal\\Codeigniter\\MultiForm\\public\\index.php')
CRITICAL - 2024-12-09 11:59:50 --> ErrorException: Undefined property: App\Controllers\MultistepController::$load
[Method: GET, Route: fetch-data]
in APPPATH\Controllers\MultistepController.php on line 79.
 1 APPPATH\Controllers\MultistepController.php(79): CodeIgniter\Debug\Exceptions->errorHandler(2, 'Undefined property: App\\Controllers\\MultistepController::$load', 'C:\\xampp\\htdocs\\komal\\Codeigniter\\MultiForm\\app\\Controllers\\MultistepController.php', 79)
 2 SYSTEMPATH\CodeIgniter.php(933): App\Controllers\MultistepController->fetchData()
 3 SYSTEMPATH\CodeIgniter.php(509): CodeIgniter\CodeIgniter->runController(Object(App\Controllers\MultistepController))
 4 SYSTEMPATH\CodeIgniter.php(355): CodeIgniter\CodeIgniter->handleRequest(null, Object(Config\Cache), false)
 5 SYSTEMPATH\Boot.php(325): CodeIgniter\CodeIgniter->run()
 6 SYSTEMPATH\Boot.php(67): CodeIgniter\Boot::runCodeIgniter(Object(CodeIgniter\CodeIgniter))
 7 FCPATH\index.php(56): CodeIgniter\Boot::bootWeb(Object(Config\Paths))
 8 SYSTEMPATH\rewrite.php(44): require_once('C:\\xampp\\htdocs\\komal\\Codeigniter\\MultiForm\\public\\index.php')
CRITICAL - 2024-12-09 12:00:36 --> ErrorException: Undefined property: App\Controllers\MultistepController::$load
[Method: GET, Route: fetch-data]
in APPPATH\Controllers\MultistepController.php on line 79.
 1 APPPATH\Controllers\MultistepController.php(79): CodeIgniter\Debug\Exceptions->errorHandler(2, 'Undefined property: App\\Controllers\\MultistepController::$load', 'C:\\xampp\\htdocs\\komal\\Codeigniter\\MultiForm\\app\\Controllers\\MultistepController.php', 79)
 2 SYSTEMPATH\CodeIgniter.php(933): App\Controllers\MultistepController->fetchData()
 3 SYSTEMPATH\CodeIgniter.php(509): CodeIgniter\CodeIgniter->runController(Object(App\Controllers\MultistepController))
 4 SYSTEMPATH\CodeIgniter.php(355): CodeIgniter\CodeIgniter->handleRequest(null, Object(Config\Cache), false)
 5 SYSTEMPATH\Boot.php(325): CodeIgniter\CodeIgniter->run()
 6 SYSTEMPATH\Boot.php(67): CodeIgniter\Boot::runCodeIgniter(Object(CodeIgniter\CodeIgniter))
 7 FCPATH\index.php(56): CodeIgniter\Boot::bootWeb(Object(Config\Paths))
 8 SYSTEMPATH\rewrite.php(44): require_once('C:\\xampp\\htdocs\\komal\\Codeigniter\\MultiForm\\public\\index.php')
CRITICAL - 2024-12-09 12:00:36 --> ErrorException: Undefined property: App\Controllers\MultistepController::$load
[Method: GET, Route: fetch-data]
in APPPATH\Controllers\MultistepController.php on line 79.
 1 APPPATH\Controllers\MultistepController.php(79): CodeIgniter\Debug\Exceptions->errorHandler(2, 'Undefined property: App\\Controllers\\MultistepController::$load', 'C:\\xampp\\htdocs\\komal\\Codeigniter\\MultiForm\\app\\Controllers\\MultistepController.php', 79)
 2 SYSTEMPATH\CodeIgniter.php(933): App\Controllers\MultistepController->fetchData()
 3 SYSTEMPATH\CodeIgniter.php(509): CodeIgniter\CodeIgniter->runController(Object(App\Controllers\MultistepController))
 4 SYSTEMPATH\CodeIgniter.php(355): CodeIgniter\CodeIgniter->handleRequest(null, Object(Config\Cache), false)
 5 SYSTEMPATH\Boot.php(325): CodeIgniter\CodeIgniter->run()
 6 SYSTEMPATH\Boot.php(67): CodeIgniter\Boot::runCodeIgniter(Object(CodeIgniter\CodeIgniter))
 7 FCPATH\index.php(56): CodeIgniter\Boot::bootWeb(Object(Config\Paths))
 8 SYSTEMPATH\rewrite.php(44): require_once('C:\\xampp\\htdocs\\komal\\Codeigniter\\MultiForm\\public\\index.php')
CRITICAL - 2024-12-09 12:05:07 --> Error: Object of class App\Models\UserModel could not be converted to string
[Method: GET, Route: fetch-data]
in APPPATH\Controllers\MultistepController.php on line 84.
 1 SYSTEMPATH\CodeIgniter.php(933): App\Controllers\MultistepController->fetchData()
 2 SYSTEMPATH\CodeIgniter.php(509): CodeIgniter\CodeIgniter->runController(Object(App\Controllers\MultistepController))
 3 SYSTEMPATH\CodeIgniter.php(355): CodeIgniter\CodeIgniter->handleRequest(null, Object(Config\Cache), false)
 4 SYSTEMPATH\Boot.php(325): CodeIgniter\CodeIgniter->run()
 5 SYSTEMPATH\Boot.php(67): CodeIgniter\Boot::runCodeIgniter(Object(CodeIgniter\CodeIgniter))
 6 FCPATH\index.php(56): CodeIgniter\Boot::bootWeb(Object(Config\Paths))
 7 SYSTEMPATH\rewrite.php(44): require_once('C:\\xampp\\htdocs\\komal\\Codeigniter\\MultiForm\\public\\index.php')
CRITICAL - 2024-12-09 12:05:07 --> Error: Object of class App\Models\UserModel could not be converted to string
[Method: GET, Route: fetch-data]
in APPPATH\Controllers\MultistepController.php on line 84.
 1 SYSTEMPATH\CodeIgniter.php(933): App\Controllers\MultistepController->fetchData()
 2 SYSTEMPATH\CodeIgniter.php(509): CodeIgniter\CodeIgniter->runController(Object(App\Controllers\MultistepController))
 3 SYSTEMPATH\CodeIgniter.php(355): CodeIgniter\CodeIgniter->handleRequest(null, Object(Config\Cache), false)
 4 SYSTEMPATH\Boot.php(325): CodeIgniter\CodeIgniter->run()
 5 SYSTEMPATH\Boot.php(67): CodeIgniter\Boot::runCodeIgniter(Object(CodeIgniter\CodeIgniter))
 6 FCPATH\index.php(56): CodeIgniter\Boot::bootWeb(Object(Config\Paths))
 7 SYSTEMPATH\rewrite.php(44): require_once('C:\\xampp\\htdocs\\komal\\Codeigniter\\MultiForm\\public\\index.php')
CRITICAL - 2024-12-09 12:06:20 --> Error: Object of class App\Models\UserModel could not be converted to string
[Method: GET, Route: fetch-data]
in APPPATH\Controllers\MultistepController.php on line 84.
 1 SYSTEMPATH\CodeIgniter.php(933): App\Controllers\MultistepController->fetchData()
 2 SYSTEMPATH\CodeIgniter.php(509): CodeIgniter\CodeIgniter->runController(Object(App\Controllers\MultistepController))
 3 SYSTEMPATH\CodeIgniter.php(355): CodeIgniter\CodeIgniter->handleRequest(null, Object(Config\Cache), false)
 4 SYSTEMPATH\Boot.php(325): CodeIgniter\CodeIgniter->run()
 5 SYSTEMPATH\Boot.php(67): CodeIgniter\Boot::runCodeIgniter(Object(CodeIgniter\CodeIgniter))
 6 FCPATH\index.php(56): CodeIgniter\Boot::bootWeb(Object(Config\Paths))
 7 SYSTEMPATH\rewrite.php(44): require_once('C:\\xampp\\htdocs\\komal\\Codeigniter\\MultiForm\\public\\index.php')
CRITICAL - 2024-12-09 12:06:21 --> Error: Object of class App\Models\UserModel could not be converted to string
[Method: GET, Route: fetch-data]
in APPPATH\Controllers\MultistepController.php on line 84.
 1 SYSTEMPATH\CodeIgniter.php(933): App\Controllers\MultistepController->fetchData()
 2 SYSTEMPATH\CodeIgniter.php(509): CodeIgniter\CodeIgniter->runController(Object(App\Controllers\MultistepController))
 3 SYSTEMPATH\CodeIgniter.php(355): CodeIgniter\CodeIgniter->handleRequest(null, Object(Config\Cache), false)
 4 SYSTEMPATH\Boot.php(325): CodeIgniter\CodeIgniter->run()
 5 SYSTEMPATH\Boot.php(67): CodeIgniter\Boot::runCodeIgniter(Object(CodeIgniter\CodeIgniter))
 6 FCPATH\index.php(56): CodeIgniter\Boot::bootWeb(Object(Config\Paths))
 7 SYSTEMPATH\rewrite.php(44): require_once('C:\\xampp\\htdocs\\komal\\Codeigniter\\MultiForm\\public\\index.php')
CRITICAL - 2024-12-09 12:08:23 --> Error: Object of class App\Models\UserModel could not be converted to string
[Method: GET, Route: fetch-data]
in APPPATH\Controllers\MultistepController.php on line 84.
 1 SYSTEMPATH\CodeIgniter.php(933): App\Controllers\MultistepController->fetchData()
 2 SYSTEMPATH\CodeIgniter.php(509): CodeIgniter\CodeIgniter->runController(Object(App\Controllers\MultistepController))
 3 SYSTEMPATH\CodeIgniter.php(355): CodeIgniter\CodeIgniter->handleRequest(null, Object(Config\Cache), false)
 4 SYSTEMPATH\Boot.php(325): CodeIgniter\CodeIgniter->run()
 5 SYSTEMPATH\Boot.php(67): CodeIgniter\Boot::runCodeIgniter(Object(CodeIgniter\CodeIgniter))
 6 FCPATH\index.php(56): CodeIgniter\Boot::bootWeb(Object(Config\Paths))
 7 SYSTEMPATH\rewrite.php(44): require_once('C:\\xampp\\htdocs\\komal\\Codeigniter\\MultiForm\\public\\index.php')
CRITICAL - 2024-12-09 12:08:24 --> Error: Object of class App\Models\UserModel could not be converted to string
[Method: GET, Route: fetch-data]
in APPPATH\Controllers\MultistepController.php on line 84.
 1 SYSTEMPATH\CodeIgniter.php(933): App\Controllers\MultistepController->fetchData()
 2 SYSTEMPATH\CodeIgniter.php(509): CodeIgniter\CodeIgniter->runController(Object(App\Controllers\MultistepController))
 3 SYSTEMPATH\CodeIgniter.php(355): CodeIgniter\CodeIgniter->handleRequest(null, Object(Config\Cache), false)
 4 SYSTEMPATH\Boot.php(325): CodeIgniter\CodeIgniter->run()
 5 SYSTEMPATH\Boot.php(67): CodeIgniter\Boot::runCodeIgniter(Object(CodeIgniter\CodeIgniter))
 6 FCPATH\index.php(56): CodeIgniter\Boot::bootWeb(Object(Config\Paths))
 7 SYSTEMPATH\rewrite.php(44): require_once('C:\\xampp\\htdocs\\komal\\Codeigniter\\MultiForm\\public\\index.php')
CRITICAL - 2024-12-09 12:09:13 --> Error: Object of class App\Models\UserModel could not be converted to string
[Method: GET, Route: fetch-data]
in APPPATH\Controllers\MultistepController.php on line 84.
 1 SYSTEMPATH\CodeIgniter.php(933): App\Controllers\MultistepController->fetchData()
 2 SYSTEMPATH\CodeIgniter.php(509): CodeIgniter\CodeIgniter->runController(Object(App\Controllers\MultistepController))
 3 SYSTEMPATH\CodeIgniter.php(355): CodeIgniter\CodeIgniter->handleRequest(null, Object(Config\Cache), false)
 4 SYSTEMPATH\Boot.php(325): CodeIgniter\CodeIgniter->run()
 5 SYSTEMPATH\Boot.php(67): CodeIgniter\Boot::runCodeIgniter(Object(CodeIgniter\CodeIgniter))
 6 FCPATH\index.php(56): CodeIgniter\Boot::bootWeb(Object(Config\Paths))
 7 SYSTEMPATH\rewrite.php(44): require_once('C:\\xampp\\htdocs\\komal\\Codeigniter\\MultiForm\\public\\index.php')
CRITICAL - 2024-12-09 12:09:13 --> Error: Object of class App\Models\UserModel could not be converted to string
[Method: GET, Route: fetch-data]
in APPPATH\Controllers\MultistepController.php on line 84.
 1 SYSTEMPATH\CodeIgniter.php(933): App\Controllers\MultistepController->fetchData()
 2 SYSTEMPATH\CodeIgniter.php(509): CodeIgniter\CodeIgniter->runController(Object(App\Controllers\MultistepController))
 3 SYSTEMPATH\CodeIgniter.php(355): CodeIgniter\CodeIgniter->handleRequest(null, Object(Config\Cache), false)
 4 SYSTEMPATH\Boot.php(325): CodeIgniter\CodeIgniter->run()
 5 SYSTEMPATH\Boot.php(67): CodeIgniter\Boot::runCodeIgniter(Object(CodeIgniter\CodeIgniter))
 6 FCPATH\index.php(56): CodeIgniter\Boot::bootWeb(Object(Config\Paths))
 7 SYSTEMPATH\rewrite.php(44): require_once('C:\\xampp\\htdocs\\komal\\Codeigniter\\MultiForm\\public\\index.php')
CRITICAL - 2024-12-09 12:10:24 --> Error: Object of class App\Models\UserModel could not be converted to string
[Method: GET, Route: fetch-data]
in APPPATH\Controllers\MultistepController.php on line 84.
 1 SYSTEMPATH\CodeIgniter.php(933): App\Controllers\MultistepController->fetchData()
 2 SYSTEMPATH\CodeIgniter.php(509): CodeIgniter\CodeIgniter->runController(Object(App\Controllers\MultistepController))
 3 SYSTEMPATH\CodeIgniter.php(355): CodeIgniter\CodeIgniter->handleRequest(null, Object(Config\Cache), false)
 4 SYSTEMPATH\Boot.php(325): CodeIgniter\CodeIgniter->run()
 5 SYSTEMPATH\Boot.php(67): CodeIgniter\Boot::runCodeIgniter(Object(CodeIgniter\CodeIgniter))
 6 FCPATH\index.php(56): CodeIgniter\Boot::bootWeb(Object(Config\Paths))
 7 SYSTEMPATH\rewrite.php(44): require_once('C:\\xampp\\htdocs\\komal\\Codeigniter\\MultiForm\\public\\index.php')
CRITICAL - 2024-12-09 12:10:24 --> Error: Object of class App\Models\UserModel could not be converted to string
[Method: GET, Route: fetch-data]
in APPPATH\Controllers\MultistepController.php on line 84.
 1 SYSTEMPATH\CodeIgniter.php(933): App\Controllers\MultistepController->fetchData()
 2 SYSTEMPATH\CodeIgniter.php(509): CodeIgniter\CodeIgniter->runController(Object(App\Controllers\MultistepController))
 3 SYSTEMPATH\CodeIgniter.php(355): CodeIgniter\CodeIgniter->handleRequest(null, Object(Config\Cache), false)
 4 SYSTEMPATH\Boot.php(325): CodeIgniter\CodeIgniter->run()
 5 SYSTEMPATH\Boot.php(67): CodeIgniter\Boot::runCodeIgniter(Object(CodeIgniter\CodeIgniter))
 6 FCPATH\index.php(56): CodeIgniter\Boot::bootWeb(Object(Config\Paths))
 7 SYSTEMPATH\rewrite.php(44): require_once('C:\\xampp\\htdocs\\komal\\Codeigniter\\MultiForm\\public\\index.php')
CRITICAL - 2024-12-09 12:13:24 --> Error: Object of class App\Models\UserModel could not be converted to string
[Method: GET, Route: fetch-data]
in APPPATH\Controllers\MultistepController.php on line 84.
 1 SYSTEMPATH\CodeIgniter.php(933): App\Controllers\MultistepController->fetchData()
 2 SYSTEMPATH\CodeIgniter.php(509): CodeIgniter\CodeIgniter->runController(Object(App\Controllers\MultistepController))
 3 SYSTEMPATH\CodeIgniter.php(355): CodeIgniter\CodeIgniter->handleRequest(null, Object(Config\Cache), false)
 4 SYSTEMPATH\Boot.php(325): CodeIgniter\CodeIgniter->run()
 5 SYSTEMPATH\Boot.php(67): CodeIgniter\Boot::runCodeIgniter(Object(CodeIgniter\CodeIgniter))
 6 FCPATH\index.php(56): CodeIgniter\Boot::bootWeb(Object(Config\Paths))
 7 SYSTEMPATH\rewrite.php(44): require_once('C:\\xampp\\htdocs\\komal\\Codeigniter\\MultiForm\\public\\index.php')
CRITICAL - 2024-12-09 12:13:24 --> Error: Object of class App\Models\UserModel could not be converted to string
[Method: GET, Route: fetch-data]
in APPPATH\Controllers\MultistepController.php on line 84.
 1 SYSTEMPATH\CodeIgniter.php(933): App\Controllers\MultistepController->fetchData()
 2 SYSTEMPATH\CodeIgniter.php(509): CodeIgniter\CodeIgniter->runController(Object(App\Controllers\MultistepController))
 3 SYSTEMPATH\CodeIgniter.php(355): CodeIgniter\CodeIgniter->handleRequest(null, Object(Config\Cache), false)
 4 SYSTEMPATH\Boot.php(325): CodeIgniter\CodeIgniter->run()
 5 SYSTEMPATH\Boot.php(67): CodeIgniter\Boot::runCodeIgniter(Object(CodeIgniter\CodeIgniter))
 6 FCPATH\index.php(56): CodeIgniter\Boot::bootWeb(Object(Config\Paths))
 7 SYSTEMPATH\rewrite.php(44): require_once('C:\\xampp\\htdocs\\komal\\Codeigniter\\MultiForm\\public\\index.php')
CRITICAL - 2024-12-09 12:15:41 --> Error: Object of class App\Models\UserModel could not be converted to string
[Method: GET, Route: fetch-data]
in APPPATH\Controllers\MultistepController.php on line 84.
 1 SYSTEMPATH\CodeIgniter.php(933): App\Controllers\MultistepController->fetchData()
 2 SYSTEMPATH\CodeIgniter.php(509): CodeIgniter\CodeIgniter->runController(Object(App\Controllers\MultistepController))
 3 SYSTEMPATH\CodeIgniter.php(355): CodeIgniter\CodeIgniter->handleRequest(null, Object(Config\Cache), false)
 4 SYSTEMPATH\Boot.php(325): CodeIgniter\CodeIgniter->run()
 5 SYSTEMPATH\Boot.php(67): CodeIgniter\Boot::runCodeIgniter(Object(CodeIgniter\CodeIgniter))
 6 FCPATH\index.php(56): CodeIgniter\Boot::bootWeb(Object(Config\Paths))
 7 SYSTEMPATH\rewrite.php(44): require_once('C:\\xampp\\htdocs\\komal\\Codeigniter\\MultiForm\\public\\index.php')
CRITICAL - 2024-12-09 12:15:41 --> Error: Object of class App\Models\UserModel could not be converted to string
[Method: GET, Route: fetch-data]
in APPPATH\Controllers\MultistepController.php on line 84.
 1 SYSTEMPATH\CodeIgniter.php(933): App\Controllers\MultistepController->fetchData()
 2 SYSTEMPATH\CodeIgniter.php(509): CodeIgniter\CodeIgniter->runController(Object(App\Controllers\MultistepController))
 3 SYSTEMPATH\CodeIgniter.php(355): CodeIgniter\CodeIgniter->handleRequest(null, Object(Config\Cache), false)
 4 SYSTEMPATH\Boot.php(325): CodeIgniter\CodeIgniter->run()
 5 SYSTEMPATH\Boot.php(67): CodeIgniter\Boot::runCodeIgniter(Object(CodeIgniter\CodeIgniter))
 6 FCPATH\index.php(56): CodeIgniter\Boot::bootWeb(Object(Config\Paths))
 7 SYSTEMPATH\rewrite.php(44): require_once('C:\\xampp\\htdocs\\komal\\Codeigniter\\MultiForm\\public\\index.php')
DEBUG - 2024-12-09 12:18:07 --> Fetched Data: Array
(
    [0] => Array
        (
            [id] => 1
            [name] => demo66
            [email] => hirva@gmail.com
            [gender] => female
            [hobbies] => Traveling
            [resume] => 1733743437_e21b06a400234fd8e796.pdf
            [city] => Los Angeles
            [bio] => dffgfgfg
            [created_at] => 2024-12-07 12:50:41
        )

    [1] => Array
        (
            [id] => 3
            [name] => laptop
            [email] => demo@gmail.com
            [gender] => female
            [hobbies] => Traveling
            [resume] => 1733556656_e5538236fd9937827df2.pdf
            [city] => Los Angeles
            [bio] => weweew
            [created_at] => 2024-12-07 13:00:56
        )

    [2] => Array
        (
            [id] => 8
            [name] => laptop
            [email] => admin12@gmail.com
            [gender] => female
            [hobbies] => Traveling
            [resume] => 1733720222_e34c5a66e8313750f73f.pdf
            [city] => Chicago
            [bio] => qwsqa
            [created_at] => 2024-12-09 10:27:02
        )

    [3] => Array
        (
            [id] => 19
            [name] => laptop
            [email] => admin12@gmail.com
            [gender] => female
            [hobbies] => Traveling
            [resume] => 1733733000_3261fb58afbff54a548a.pdf
            [city] => Chicago
            [bio] => qwsqa
            [created_at] => 2024-12-09 14:00:00
        )

    [4] => Array
        (
            [id] => 20
            [name] => laptop
            [email] => admin12@gmail.com
            [gender] => female
            [hobbies] => Traveling
            [resume] => 1733733001_caf721c3d31a46446b88.pdf
            [city] => Chicago
            [bio] => qwsqa
            [created_at] => 2024-12-09 14:00:01
        )

)

DEBUG - 2024-12-09 12:18:07 --> Fetched Data: Array
(
    [0] => Array
        (
            [id] => 1
            [name] => demo66
            [email] => hirva@gmail.com
            [gender] => female
            [hobbies] => Traveling
            [resume] => 1733743437_e21b06a400234fd8e796.pdf
            [city] => Los Angeles
            [bio] => dffgfgfg
            [created_at] => 2024-12-07 12:50:41
        )

    [1] => Array
        (
            [id] => 3
            [name] => laptop
            [email] => demo@gmail.com
            [gender] => female
            [hobbies] => Traveling
            [resume] => 1733556656_e5538236fd9937827df2.pdf
            [city] => Los Angeles
            [bio] => weweew
            [created_at] => 2024-12-07 13:00:56
        )

    [2] => Array
        (
            [id] => 8
            [name] => laptop
            [email] => admin12@gmail.com
            [gender] => female
            [hobbies] => Traveling
            [resume] => 1733720222_e34c5a66e8313750f73f.pdf
            [city] => Chicago
            [bio] => qwsqa
            [created_at] => 2024-12-09 10:27:02
        )

    [3] => Array
        (
            [id] => 19
            [name] => laptop
            [email] => admin12@gmail.com
            [gender] => female
            [hobbies] => Traveling
            [resume] => 1733733000_3261fb58afbff54a548a.pdf
            [city] => Chicago
            [bio] => qwsqa
            [created_at] => 2024-12-09 14:00:00
        )

    [4] => Array
        (
            [id] => 20
            [name] => laptop
            [email] => admin12@gmail.com
            [gender] => female
            [hobbies] => Traveling
            [resume] => 1733733001_caf721c3d31a46446b88.pdf
            [city] => Chicago
            [bio] => qwsqa
            [created_at] => 2024-12-09 14:00:01
        )

)

DEBUG - 2024-12-09 12:18:11 --> Fetched Data: Array
(
    [0] => Array
        (
            [id] => 21
            [name] => veer
            [email] => admin12@gmail.com
            [gender] => female
            [hobbies] => Traveling
            [resume] => 1733733069_ed896742e9308dd731e2.php
            [city] => Chicago
            [bio] => qwsqa
            [created_at] => 2024-12-09 14:01:09
        )

    [1] => Array
        (
            [id] => 23
            [name] => lapt45
            [email] => demo858@gmail.com
            [gender] => male
            [hobbies] => Traveling
            [resume] => 1733735482_019a5c9dd4ddd8f7d45b.pdf
            [city] => Los Angeles
            [bio] => oppopo
            [created_at] => 2024-12-09 14:41:22
        )

    [2] => Array
        (
            [id] => 24
            [name] => hirva
            [email] => demo@gmail.com
            [gender] => female
            [hobbies] => Traveling
            [resume] => 1733742702_be5c79db5d71e2b65ceb.pdf
            [city] => New York
            [bio] => erer
            [created_at] => 2024-12-09 16:41:42
        )

)

DEBUG - 2024-12-09 12:18:13 --> Fetched Data: Array
(
    [0] => Array
        (
            [id] => 1
            [name] => demo66
            [email] => hirva@gmail.com
            [gender] => female
            [hobbies] => Traveling
            [resume] => 1733743437_e21b06a400234fd8e796.pdf
            [city] => Los Angeles
            [bio] => dffgfgfg
            [created_at] => 2024-12-07 12:50:41
        )

    [1] => Array
        (
            [id] => 3
            [name] => laptop
            [email] => demo@gmail.com
            [gender] => female
            [hobbies] => Traveling
            [resume] => 1733556656_e5538236fd9937827df2.pdf
            [city] => Los Angeles
            [bio] => weweew
            [created_at] => 2024-12-07 13:00:56
        )

    [2] => Array
        (
            [id] => 8
            [name] => laptop
            [email] => admin12@gmail.com
            [gender] => female
            [hobbies] => Traveling
            [resume] => 1733720222_e34c5a66e8313750f73f.pdf
            [city] => Chicago
            [bio] => qwsqa
            [created_at] => 2024-12-09 10:27:02
        )

    [3] => Array
        (
            [id] => 19
            [name] => laptop
            [email] => admin12@gmail.com
            [gender] => female
            [hobbies] => Traveling
            [resume] => 1733733000_3261fb58afbff54a548a.pdf
            [city] => Chicago
            [bio] => qwsqa
            [created_at] => 2024-12-09 14:00:00
        )

    [4] => Array
        (
            [id] => 20
            [name] => laptop
            [email] => admin12@gmail.com
            [gender] => female
            [hobbies] => Traveling
            [resume] => 1733733001_caf721c3d31a46446b88.pdf
            [city] => Chicago
            [bio] => qwsqa
            [created_at] => 2024-12-09 14:00:01
        )

)

DEBUG - 2024-12-09 12:18:14 --> Fetched Data: Array
(
    [0] => Array
        (
            [id] => 21
            [name] => veer
            [email] => admin12@gmail.com
            [gender] => female
            [hobbies] => Traveling
            [resume] => 1733733069_ed896742e9308dd731e2.php
            [city] => Chicago
            [bio] => qwsqa
            [created_at] => 2024-12-09 14:01:09
        )

    [1] => Array
        (
            [id] => 23
            [name] => lapt45
            [email] => demo858@gmail.com
            [gender] => male
            [hobbies] => Traveling
            [resume] => 1733735482_019a5c9dd4ddd8f7d45b.pdf
            [city] => Los Angeles
            [bio] => oppopo
            [created_at] => 2024-12-09 14:41:22
        )

    [2] => Array
        (
            [id] => 24
            [name] => hirva
            [email] => demo@gmail.com
            [gender] => female
            [hobbies] => Traveling
            [resume] => 1733742702_be5c79db5d71e2b65ceb.pdf
            [city] => New York
            [bio] => erer
            [created_at] => 2024-12-09 16:41:42
        )

)

DEBUG - 2024-12-09 12:18:16 --> Fetched Data: Array
(
    [0] => Array
        (
            [id] => 1
            [name] => demo66
            [email] => hirva@gmail.com
            [gender] => female
            [hobbies] => Traveling
            [resume] => 1733743437_e21b06a400234fd8e796.pdf
            [city] => Los Angeles
            [bio] => dffgfgfg
            [created_at] => 2024-12-07 12:50:41
        )

    [1] => Array
        (
            [id] => 3
            [name] => laptop
            [email] => demo@gmail.com
            [gender] => female
            [hobbies] => Traveling
            [resume] => 1733556656_e5538236fd9937827df2.pdf
            [city] => Los Angeles
            [bio] => weweew
            [created_at] => 2024-12-07 13:00:56
        )

    [2] => Array
        (
            [id] => 8
            [name] => laptop
            [email] => admin12@gmail.com
            [gender] => female
            [hobbies] => Traveling
            [resume] => 1733720222_e34c5a66e8313750f73f.pdf
            [city] => Chicago
            [bio] => qwsqa
            [created_at] => 2024-12-09 10:27:02
        )

    [3] => Array
        (
            [id] => 19
            [name] => laptop
            [email] => admin12@gmail.com
            [gender] => female
            [hobbies] => Traveling
            [resume] => 1733733000_3261fb58afbff54a548a.pdf
            [city] => Chicago
            [bio] => qwsqa
            [created_at] => 2024-12-09 14:00:00
        )

    [4] => Array
        (
            [id] => 20
            [name] => laptop
            [email] => admin12@gmail.com
            [gender] => female
            [hobbies] => Traveling
            [resume] => 1733733001_caf721c3d31a46446b88.pdf
            [city] => Chicago
            [bio] => qwsqa
            [created_at] => 2024-12-09 14:00:01
        )

)

DEBUG - 2024-12-09 12:18:23 --> Fetched Data: Array
(
    [0] => Array
        (
            [id] => 21
            [name] => veer
            [email] => admin12@gmail.com
            [gender] => female
            [hobbies] => Traveling
            [resume] => 1733733069_ed896742e9308dd731e2.php
            [city] => Chicago
            [bio] => qwsqa
            [created_at] => 2024-12-09 14:01:09
        )

    [1] => Array
        (
            [id] => 23
            [name] => lapt45
            [email] => demo858@gmail.com
            [gender] => male
            [hobbies] => Traveling
            [resume] => 1733735482_019a5c9dd4ddd8f7d45b.pdf
            [city] => Los Angeles
            [bio] => oppopo
            [created_at] => 2024-12-09 14:41:22
        )

    [2] => Array
        (
            [id] => 24
            [name] => hirva
            [email] => demo@gmail.com
            [gender] => female
            [hobbies] => Traveling
            [resume] => 1733742702_be5c79db5d71e2b65ceb.pdf
            [city] => New York
            [bio] => erer
            [created_at] => 2024-12-09 16:41:42
        )

)

DEBUG - 2024-12-09 12:18:24 --> Fetched Data: Array
(
    [0] => Array
        (
            [id] => 1
            [name] => demo66
            [email] => hirva@gmail.com
            [gender] => female
            [hobbies] => Traveling
            [resume] => 1733743437_e21b06a400234fd8e796.pdf
            [city] => Los Angeles
            [bio] => dffgfgfg
            [created_at] => 2024-12-07 12:50:41
        )

    [1] => Array
        (
            [id] => 3
            [name] => laptop
            [email] => demo@gmail.com
            [gender] => female
            [hobbies] => Traveling
            [resume] => 1733556656_e5538236fd9937827df2.pdf
            [city] => Los Angeles
            [bio] => weweew
            [created_at] => 2024-12-07 13:00:56
        )

    [2] => Array
        (
            [id] => 8
            [name] => laptop
            [email] => admin12@gmail.com
            [gender] => female
            [hobbies] => Traveling
            [resume] => 1733720222_e34c5a66e8313750f73f.pdf
            [city] => Chicago
            [bio] => qwsqa
            [created_at] => 2024-12-09 10:27:02
        )

    [3] => Array
        (
            [id] => 19
            [name] => laptop
            [email] => admin12@gmail.com
            [gender] => female
            [hobbies] => Traveling
            [resume] => 1733733000_3261fb58afbff54a548a.pdf
            [city] => Chicago
            [bio] => qwsqa
            [created_at] => 2024-12-09 14:00:00
        )

    [4] => Array
        (
            [id] => 20
            [name] => laptop
            [email] => admin12@gmail.com
            [gender] => female
            [hobbies] => Traveling
            [resume] => 1733733001_caf721c3d31a46446b88.pdf
            [city] => Chicago
            [bio] => qwsqa
            [created_at] => 2024-12-09 14:00:01
        )

)

DEBUG - 2024-12-09 12:18:27 --> Fetched Data: Array
(
    [0] => Array
        (
            [id] => 21
            [name] => veer
            [email] => admin12@gmail.com
            [gender] => female
            [hobbies] => Traveling
            [resume] => 1733733069_ed896742e9308dd731e2.php
            [city] => Chicago
            [bio] => qwsqa
            [created_at] => 2024-12-09 14:01:09
        )

    [1] => Array
        (
            [id] => 23
            [name] => lapt45
            [email] => demo858@gmail.com
            [gender] => male
            [hobbies] => Traveling
            [resume] => 1733735482_019a5c9dd4ddd8f7d45b.pdf
            [city] => Los Angeles
            [bio] => oppopo
            [created_at] => 2024-12-09 14:41:22
        )

    [2] => Array
        (
            [id] => 24
            [name] => hirva
            [email] => demo@gmail.com
            [gender] => female
            [hobbies] => Traveling
            [resume] => 1733742702_be5c79db5d71e2b65ceb.pdf
            [city] => New York
            [bio] => erer
            [created_at] => 2024-12-09 16:41:42
        )

)

DEBUG - 2024-12-09 12:18:29 --> Fetched Data: Array
(
    [0] => Array
        (
            [id] => 1
            [name] => demo66
            [email] => hirva@gmail.com
            [gender] => female
            [hobbies] => Traveling
            [resume] => 1733743437_e21b06a400234fd8e796.pdf
            [city] => Los Angeles
            [bio] => dffgfgfg
            [created_at] => 2024-12-07 12:50:41
        )

    [1] => Array
        (
            [id] => 3
            [name] => laptop
            [email] => demo@gmail.com
            [gender] => female
            [hobbies] => Traveling
            [resume] => 1733556656_e5538236fd9937827df2.pdf
            [city] => Los Angeles
            [bio] => weweew
            [created_at] => 2024-12-07 13:00:56
        )

    [2] => Array
        (
            [id] => 8
            [name] => laptop
            [email] => admin12@gmail.com
            [gender] => female
            [hobbies] => Traveling
            [resume] => 1733720222_e34c5a66e8313750f73f.pdf
            [city] => Chicago
            [bio] => qwsqa
            [created_at] => 2024-12-09 10:27:02
        )

    [3] => Array
        (
            [id] => 19
            [name] => laptop
            [email] => admin12@gmail.com
            [gender] => female
            [hobbies] => Traveling
            [resume] => 1733733000_3261fb58afbff54a548a.pdf
            [city] => Chicago
            [bio] => qwsqa
            [created_at] => 2024-12-09 14:00:00
        )

    [4] => Array
        (
            [id] => 20
            [name] => laptop
            [email] => admin12@gmail.com
            [gender] => female
            [hobbies] => Traveling
            [resume] => 1733733001_caf721c3d31a46446b88.pdf
            [city] => Chicago
            [bio] => qwsqa
            [created_at] => 2024-12-09 14:00:01
        )

)

DEBUG - 2024-12-09 12:18:54 --> Fetched Data: Array
(
    [0] => Array
        (
            [id] => 21
            [name] => veer
            [email] => admin12@gmail.com
            [gender] => female
            [hobbies] => Traveling
            [resume] => 1733733069_ed896742e9308dd731e2.php
            [city] => Chicago
            [bio] => qwsqa
            [created_at] => 2024-12-09 14:01:09
        )

    [1] => Array
        (
            [id] => 23
            [name] => lapt45
            [email] => demo858@gmail.com
            [gender] => male
            [hobbies] => Traveling
            [resume] => 1733735482_019a5c9dd4ddd8f7d45b.pdf
            [city] => Los Angeles
            [bio] => oppopo
            [created_at] => 2024-12-09 14:41:22
        )

    [2] => Array
        (
            [id] => 24
            [name] => hirva
            [email] => demo@gmail.com
            [gender] => female
            [hobbies] => Traveling
            [resume] => 1733742702_be5c79db5d71e2b65ceb.pdf
            [city] => New York
            [bio] => erer
            [created_at] => 2024-12-09 16:41:42
        )

)

DEBUG - 2024-12-09 12:18:55 --> Fetched Data: Array
(
    [0] => Array
        (
            [id] => 1
            [name] => demo66
            [email] => hirva@gmail.com
            [gender] => female
            [hobbies] => Traveling
            [resume] => 1733743437_e21b06a400234fd8e796.pdf
            [city] => Los Angeles
            [bio] => dffgfgfg
            [created_at] => 2024-12-07 12:50:41
        )

    [1] => Array
        (
            [id] => 3
            [name] => laptop
            [email] => demo@gmail.com
            [gender] => female
            [hobbies] => Traveling
            [resume] => 1733556656_e5538236fd9937827df2.pdf
            [city] => Los Angeles
            [bio] => weweew
            [created_at] => 2024-12-07 13:00:56
        )

    [2] => Array
        (
            [id] => 8
            [name] => laptop
            [email] => admin12@gmail.com
            [gender] => female
            [hobbies] => Traveling
            [resume] => 1733720222_e34c5a66e8313750f73f.pdf
            [city] => Chicago
            [bio] => qwsqa
            [created_at] => 2024-12-09 10:27:02
        )

    [3] => Array
        (
            [id] => 19
            [name] => laptop
            [email] => admin12@gmail.com
            [gender] => female
            [hobbies] => Traveling
            [resume] => 1733733000_3261fb58afbff54a548a.pdf
            [city] => Chicago
            [bio] => qwsqa
            [created_at] => 2024-12-09 14:00:00
        )

    [4] => Array
        (
            [id] => 20
            [name] => laptop
            [email] => admin12@gmail.com
            [gender] => female
            [hobbies] => Traveling
            [resume] => 1733733001_caf721c3d31a46446b88.pdf
            [city] => Chicago
            [bio] => qwsqa
            [created_at] => 2024-12-09 14:00:01
        )

)

DEBUG - 2024-12-09 12:21:36 --> Fetched Data: Array
(
    [0] => Array
        (
            [id] => 1
            [name] => demo66
            [email] => hirva@gmail.com
            [gender] => female
            [hobbies] => Traveling
            [resume] => 1733743437_e21b06a400234fd8e796.pdf
            [city] => Los Angeles
            [bio] => dffgfgfg
            [created_at] => 2024-12-07 12:50:41
        )

    [1] => Array
        (
            [id] => 3
            [name] => laptop
            [email] => demo@gmail.com
            [gender] => female
            [hobbies] => Traveling
            [resume] => 1733556656_e5538236fd9937827df2.pdf
            [city] => Los Angeles
            [bio] => weweew
            [created_at] => 2024-12-07 13:00:56
        )

)

DEBUG - 2024-12-09 12:21:36 --> Fetched Data: Array
(
    [0] => Array
        (
            [id] => 1
            [name] => demo66
            [email] => hirva@gmail.com
            [gender] => female
            [hobbies] => Traveling
            [resume] => 1733743437_e21b06a400234fd8e796.pdf
            [city] => Los Angeles
            [bio] => dffgfgfg
            [created_at] => 2024-12-07 12:50:41
        )

    [1] => Array
        (
            [id] => 3
            [name] => laptop
            [email] => demo@gmail.com
            [gender] => female
            [hobbies] => Traveling
            [resume] => 1733556656_e5538236fd9937827df2.pdf
            [city] => Los Angeles
            [bio] => weweew
            [created_at] => 2024-12-07 13:00:56
        )

)

DEBUG - 2024-12-09 12:21:39 --> Fetched Data: Array
(
    [0] => Array
        (
            [id] => 8
            [name] => laptop
            [email] => admin12@gmail.com
            [gender] => female
            [hobbies] => Traveling
            [resume] => 1733720222_e34c5a66e8313750f73f.pdf
            [city] => Chicago
            [bio] => qwsqa
            [created_at] => 2024-12-09 10:27:02
        )

    [1] => Array
        (
            [id] => 19
            [name] => laptop
            [email] => admin12@gmail.com
            [gender] => female
            [hobbies] => Traveling
            [resume] => 1733733000_3261fb58afbff54a548a.pdf
            [city] => Chicago
            [bio] => qwsqa
            [created_at] => 2024-12-09 14:00:00
        )

)

DEBUG - 2024-12-09 12:21:40 --> Fetched Data: Array
(
    [0] => Array
        (
            [id] => 20
            [name] => laptop
            [email] => admin12@gmail.com
            [gender] => female
            [hobbies] => Traveling
            [resume] => 1733733001_caf721c3d31a46446b88.pdf
            [city] => Chicago
            [bio] => qwsqa
            [created_at] => 2024-12-09 14:00:01
        )

    [1] => Array
        (
            [id] => 21
            [name] => veer
            [email] => admin12@gmail.com
            [gender] => female
            [hobbies] => Traveling
            [resume] => 1733733069_ed896742e9308dd731e2.php
            [city] => Chicago
            [bio] => qwsqa
            [created_at] => 2024-12-09 14:01:09
        )

)

DEBUG - 2024-12-09 12:21:41 --> Fetched Data: Array
(
    [0] => Array
        (
            [id] => 23
            [name] => lapt45
            [email] => demo858@gmail.com
            [gender] => male
            [hobbies] => Traveling
            [resume] => 1733735482_019a5c9dd4ddd8f7d45b.pdf
            [city] => Los Angeles
            [bio] => oppopo
            [created_at] => 2024-12-09 14:41:22
        )

    [1] => Array
        (
            [id] => 24
            [name] => hirva
            [email] => demo@gmail.com
            [gender] => female
            [hobbies] => Traveling
            [resume] => 1733742702_be5c79db5d71e2b65ceb.pdf
            [city] => New York
            [bio] => erer
            [created_at] => 2024-12-09 16:41:42
        )

)

DEBUG - 2024-12-09 12:21:45 --> Fetched Data: Array
(
    [0] => Array
        (
            [id] => 20
            [name] => laptop
            [email] => admin12@gmail.com
            [gender] => female
            [hobbies] => Traveling
            [resume] => 1733733001_caf721c3d31a46446b88.pdf
            [city] => Chicago
            [bio] => qwsqa
            [created_at] => 2024-12-09 14:00:01
        )

    [1] => Array
        (
            [id] => 21
            [name] => veer
            [email] => admin12@gmail.com
            [gender] => female
            [hobbies] => Traveling
            [resume] => 1733733069_ed896742e9308dd731e2.php
            [city] => Chicago
            [bio] => qwsqa
            [created_at] => 2024-12-09 14:01:09
        )

)

DEBUG - 2024-12-09 12:21:46 --> Fetched Data: Array
(
    [0] => Array
        (
            [id] => 8
            [name] => laptop
            [email] => admin12@gmail.com
            [gender] => female
            [hobbies] => Traveling
            [resume] => 1733720222_e34c5a66e8313750f73f.pdf
            [city] => Chicago
            [bio] => qwsqa
            [created_at] => 2024-12-09 10:27:02
        )

    [1] => Array
        (
            [id] => 19
            [name] => laptop
            [email] => admin12@gmail.com
            [gender] => female
            [hobbies] => Traveling
            [resume] => 1733733000_3261fb58afbff54a548a.pdf
            [city] => Chicago
            [bio] => qwsqa
            [created_at] => 2024-12-09 14:00:00
        )

)

DEBUG - 2024-12-09 12:21:47 --> Fetched Data: Array
(
    [0] => Array
        (
            [id] => 1
            [name] => demo66
            [email] => hirva@gmail.com
            [gender] => female
            [hobbies] => Traveling
            [resume] => 1733743437_e21b06a400234fd8e796.pdf
            [city] => Los Angeles
            [bio] => dffgfgfg
            [created_at] => 2024-12-07 12:50:41
        )

    [1] => Array
        (
            [id] => 3
            [name] => laptop
            [email] => demo@gmail.com
            [gender] => female
            [hobbies] => Traveling
            [resume] => 1733556656_e5538236fd9937827df2.pdf
            [city] => Los Angeles
            [bio] => weweew
            [created_at] => 2024-12-07 13:00:56
        )

)

DEBUG - 2024-12-09 12:22:03 --> Fetched Data: Array
(
    [0] => Array
        (
            [id] => 1
            [name] => demo66
            [email] => hirva@gmail.com
            [gender] => female
            [hobbies] => Traveling
            [resume] => 1733743437_e21b06a400234fd8e796.pdf
            [city] => Los Angeles
            [bio] => dffgfgfg
            [created_at] => 2024-12-07 12:50:41
        )

    [1] => Array
        (
            [id] => 3
            [name] => laptop
            [email] => demo@gmail.com
            [gender] => female
            [hobbies] => Traveling
            [resume] => 1733556656_e5538236fd9937827df2.pdf
            [city] => Los Angeles
            [bio] => weweew
            [created_at] => 2024-12-07 13:00:56
        )

    [2] => Array
        (
            [id] => 8
            [name] => laptop
            [email] => admin12@gmail.com
            [gender] => female
            [hobbies] => Traveling
            [resume] => 1733720222_e34c5a66e8313750f73f.pdf
            [city] => Chicago
            [bio] => qwsqa
            [created_at] => 2024-12-09 10:27:02
        )

    [3] => Array
        (
            [id] => 19
            [name] => laptop
            [email] => admin12@gmail.com
            [gender] => female
            [hobbies] => Traveling
            [resume] => 1733733000_3261fb58afbff54a548a.pdf
            [city] => Chicago
            [bio] => qwsqa
            [created_at] => 2024-12-09 14:00:00
        )

)

DEBUG - 2024-12-09 12:22:03 --> Fetched Data: Array
(
    [0] => Array
        (
            [id] => 1
            [name] => demo66
            [email] => hirva@gmail.com
            [gender] => female
            [hobbies] => Traveling
            [resume] => 1733743437_e21b06a400234fd8e796.pdf
            [city] => Los Angeles
            [bio] => dffgfgfg
            [created_at] => 2024-12-07 12:50:41
        )

    [1] => Array
        (
            [id] => 3
            [name] => laptop
            [email] => demo@gmail.com
            [gender] => female
            [hobbies] => Traveling
            [resume] => 1733556656_e5538236fd9937827df2.pdf
            [city] => Los Angeles
            [bio] => weweew
            [created_at] => 2024-12-07 13:00:56
        )

    [2] => Array
        (
            [id] => 8
            [name] => laptop
            [email] => admin12@gmail.com
            [gender] => female
            [hobbies] => Traveling
            [resume] => 1733720222_e34c5a66e8313750f73f.pdf
            [city] => Chicago
            [bio] => qwsqa
            [created_at] => 2024-12-09 10:27:02
        )

    [3] => Array
        (
            [id] => 19
            [name] => laptop
            [email] => admin12@gmail.com
            [gender] => female
            [hobbies] => Traveling
            [resume] => 1733733000_3261fb58afbff54a548a.pdf
            [city] => Chicago
            [bio] => qwsqa
            [created_at] => 2024-12-09 14:00:00
        )

)

DEBUG - 2024-12-09 12:22:04 --> Fetched Data: Array
(
    [0] => Array
        (
            [id] => 20
            [name] => laptop
            [email] => admin12@gmail.com
            [gender] => female
            [hobbies] => Traveling
            [resume] => 1733733001_caf721c3d31a46446b88.pdf
            [city] => Chicago
            [bio] => qwsqa
            [created_at] => 2024-12-09 14:00:01
        )

    [1] => Array
        (
            [id] => 21
            [name] => veer
            [email] => admin12@gmail.com
            [gender] => female
            [hobbies] => Traveling
            [resume] => 1733733069_ed896742e9308dd731e2.php
            [city] => Chicago
            [bio] => qwsqa
            [created_at] => 2024-12-09 14:01:09
        )

    [2] => Array
        (
            [id] => 23
            [name] => lapt45
            [email] => demo858@gmail.com
            [gender] => male
            [hobbies] => Traveling
            [resume] => 1733735482_019a5c9dd4ddd8f7d45b.pdf
            [city] => Los Angeles
            [bio] => oppopo
            [created_at] => 2024-12-09 14:41:22
        )

    [3] => Array
        (
            [id] => 24
            [name] => hirva
            [email] => demo@gmail.com
            [gender] => female
            [hobbies] => Traveling
            [resume] => 1733742702_be5c79db5d71e2b65ceb.pdf
            [city] => New York
            [bio] => erer
            [created_at] => 2024-12-09 16:41:42
        )

)

DEBUG - 2024-12-09 12:22:07 --> Fetched Data: Array
(
    [0] => Array
        (
            [id] => 1
            [name] => demo66
            [email] => hirva@gmail.com
            [gender] => female
            [hobbies] => Traveling
            [resume] => 1733743437_e21b06a400234fd8e796.pdf
            [city] => Los Angeles
            [bio] => dffgfgfg
            [created_at] => 2024-12-07 12:50:41
        )

    [1] => Array
        (
            [id] => 3
            [name] => laptop
            [email] => demo@gmail.com
            [gender] => female
            [hobbies] => Traveling
            [resume] => 1733556656_e5538236fd9937827df2.pdf
            [city] => Los Angeles
            [bio] => weweew
            [created_at] => 2024-12-07 13:00:56
        )

    [2] => Array
        (
            [id] => 8
            [name] => laptop
            [email] => admin12@gmail.com
            [gender] => female
            [hobbies] => Traveling
            [resume] => 1733720222_e34c5a66e8313750f73f.pdf
            [city] => Chicago
            [bio] => qwsqa
            [created_at] => 2024-12-09 10:27:02
        )

    [3] => Array
        (
            [id] => 19
            [name] => laptop
            [email] => admin12@gmail.com
            [gender] => female
            [hobbies] => Traveling
            [resume] => 1733733000_3261fb58afbff54a548a.pdf
            [city] => Chicago
            [bio] => qwsqa
            [created_at] => 2024-12-09 14:00:00
        )

)

DEBUG - 2024-12-09 12:22:16 --> Fetched Data: Array
(
    [0] => Array
        (
            [id] => 1
            [name] => demo66
            [email] => hirva@gmail.com
            [gender] => female
            [hobbies] => Traveling
            [resume] => 1733743437_e21b06a400234fd8e796.pdf
            [city] => Los Angeles
            [bio] => dffgfgfg
            [created_at] => 2024-12-07 12:50:41
        )

    [1] => Array
        (
            [id] => 3
            [name] => laptop
            [email] => demo@gmail.com
            [gender] => female
            [hobbies] => Traveling
            [resume] => 1733556656_e5538236fd9937827df2.pdf
            [city] => Los Angeles
            [bio] => weweew
            [created_at] => 2024-12-07 13:00:56
        )

    [2] => Array
        (
            [id] => 8
            [name] => laptop
            [email] => admin12@gmail.com
            [gender] => female
            [hobbies] => Traveling
            [resume] => 1733720222_e34c5a66e8313750f73f.pdf
            [city] => Chicago
            [bio] => qwsqa
            [created_at] => 2024-12-09 10:27:02
        )

)

DEBUG - 2024-12-09 12:22:17 --> Fetched Data: Array
(
    [0] => Array
        (
            [id] => 1
            [name] => demo66
            [email] => hirva@gmail.com
            [gender] => female
            [hobbies] => Traveling
            [resume] => 1733743437_e21b06a400234fd8e796.pdf
            [city] => Los Angeles
            [bio] => dffgfgfg
            [created_at] => 2024-12-07 12:50:41
        )

    [1] => Array
        (
            [id] => 3
            [name] => laptop
            [email] => demo@gmail.com
            [gender] => female
            [hobbies] => Traveling
            [resume] => 1733556656_e5538236fd9937827df2.pdf
            [city] => Los Angeles
            [bio] => weweew
            [created_at] => 2024-12-07 13:00:56
        )

    [2] => Array
        (
            [id] => 8
            [name] => laptop
            [email] => admin12@gmail.com
            [gender] => female
            [hobbies] => Traveling
            [resume] => 1733720222_e34c5a66e8313750f73f.pdf
            [city] => Chicago
            [bio] => qwsqa
            [created_at] => 2024-12-09 10:27:02
        )

)

DEBUG - 2024-12-09 12:22:18 --> Fetched Data: Array
(
    [0] => Array
        (
            [id] => 19
            [name] => laptop
            [email] => admin12@gmail.com
            [gender] => female
            [hobbies] => Traveling
            [resume] => 1733733000_3261fb58afbff54a548a.pdf
            [city] => Chicago
            [bio] => qwsqa
            [created_at] => 2024-12-09 14:00:00
        )

    [1] => Array
        (
            [id] => 20
            [name] => laptop
            [email] => admin12@gmail.com
            [gender] => female
            [hobbies] => Traveling
            [resume] => 1733733001_caf721c3d31a46446b88.pdf
            [city] => Chicago
            [bio] => qwsqa
            [created_at] => 2024-12-09 14:00:01
        )

    [2] => Array
        (
            [id] => 21
            [name] => veer
            [email] => admin12@gmail.com
            [gender] => female
            [hobbies] => Traveling
            [resume] => 1733733069_ed896742e9308dd731e2.php
            [city] => Chicago
            [bio] => qwsqa
            [created_at] => 2024-12-09 14:01:09
        )

)

DEBUG - 2024-12-09 12:22:18 --> Fetched Data: Array
(
    [0] => Array
        (
            [id] => 23
            [name] => lapt45
            [email] => demo858@gmail.com
            [gender] => male
            [hobbies] => Traveling
            [resume] => 1733735482_019a5c9dd4ddd8f7d45b.pdf
            [city] => Los Angeles
            [bio] => oppopo
            [created_at] => 2024-12-09 14:41:22
        )

    [1] => Array
        (
            [id] => 24
            [name] => hirva
            [email] => demo@gmail.com
            [gender] => female
            [hobbies] => Traveling
            [resume] => 1733742702_be5c79db5d71e2b65ceb.pdf
            [city] => New York
            [bio] => erer
            [created_at] => 2024-12-09 16:41:42
        )

)

DEBUG - 2024-12-09 12:23:13 --> Fetched Data: Array
(
    [0] => Array
        (
            [id] => 1
            [name] => demo66
            [email] => hirva@gmail.com
            [gender] => female
            [hobbies] => Traveling
            [resume] => 1733743437_e21b06a400234fd8e796.pdf
            [city] => Los Angeles
            [bio] => dffgfgfg
            [created_at] => 2024-12-07 12:50:41
        )

    [1] => Array
        (
            [id] => 3
            [name] => laptop
            [email] => demo@gmail.com
            [gender] => female
            [hobbies] => Traveling
            [resume] => 1733556656_e5538236fd9937827df2.pdf
            [city] => Los Angeles
            [bio] => weweew
            [created_at] => 2024-12-07 13:00:56
        )

    [2] => Array
        (
            [id] => 8
            [name] => laptop
            [email] => admin12@gmail.com
            [gender] => female
            [hobbies] => Traveling
            [resume] => 1733720222_e34c5a66e8313750f73f.pdf
            [city] => Chicago
            [bio] => qwsqa
            [created_at] => 2024-12-09 10:27:02
        )

)

DEBUG - 2024-12-09 12:23:14 --> Fetched Data: Array
(
    [0] => Array
        (
            [id] => 1
            [name] => demo66
            [email] => hirva@gmail.com
            [gender] => female
            [hobbies] => Traveling
            [resume] => 1733743437_e21b06a400234fd8e796.pdf
            [city] => Los Angeles
            [bio] => dffgfgfg
            [created_at] => 2024-12-07 12:50:41
        )

    [1] => Array
        (
            [id] => 3
            [name] => laptop
            [email] => demo@gmail.com
            [gender] => female
            [hobbies] => Traveling
            [resume] => 1733556656_e5538236fd9937827df2.pdf
            [city] => Los Angeles
            [bio] => weweew
            [created_at] => 2024-12-07 13:00:56
        )

    [2] => Array
        (
            [id] => 8
            [name] => laptop
            [email] => admin12@gmail.com
            [gender] => female
            [hobbies] => Traveling
            [resume] => 1733720222_e34c5a66e8313750f73f.pdf
            [city] => Chicago
            [bio] => qwsqa
            [created_at] => 2024-12-09 10:27:02
        )

)

