ERROR - 2024-12-07 07:01:07 --> Error connecting to the database: mysqli_sql_exception: Unknown database 'multistepdata' in C:\xampp\htdocs\komal\Codeigniter\MultiForm\system\Database\MySQLi\Connection.php:186
Stack trace:
#0 C:\xampp\htdocs\komal\Codeigniter\MultiForm\system\Database\MySQLi\Connection.php(186): mysqli->real_connect('localhost', 'root', Object(SensitiveParameterValue), 'multistepdata', 3306, '', 0)
#1 C:\xampp\htdocs\komal\Codeigniter\MultiForm\system\Database\BaseConnection.php(421): CodeIgniter\Database\MySQLi\Connection->connect(false)
#2 C:\xampp\htdocs\komal\Codeigniter\MultiForm\system\Database\BaseConnection.php(616): CodeIgniter\Database\BaseConnection->initialize()
#3 C:\xampp\htdocs\komal\Codeigniter\MultiForm\system\Database\BaseBuilder.php(2340): CodeIgniter\Database\BaseConnection->query('INSERT INTO `us...', Array, false)
#4 C:\xampp\htdocs\komal\Codeigniter\MultiForm\system\Model.php(394): CodeIgniter\Database\BaseBuilder->insert()
#5 C:\xampp\htdocs\komal\Codeigniter\MultiForm\system\BaseModel.php(840): CodeIgniter\Model->doInsert(Array)
#6 C:\xampp\htdocs\komal\Codeigniter\MultiForm\system\Model.php(802): CodeIgniter\BaseModel->insert(Array, true)
#7 C:\xampp\htdocs\komal\Codeigniter\MultiForm\app\Controllers\MultistepController.php(48): CodeIgniter\Model->insert(Array)
#8 C:\xampp\htdocs\komal\Codeigniter\MultiForm\system\CodeIgniter.php(933): App\Controllers\MultistepController->insertData()
#9 C:\xampp\htdocs\komal\Codeigniter\MultiForm\system\CodeIgniter.php(509): CodeIgniter\CodeIgniter->runController(Object(App\Controllers\MultistepController))
#10 C:\xampp\htdocs\komal\Codeigniter\MultiForm\system\CodeIgniter.php(355): CodeIgniter\CodeIgniter->handleRequest(NULL, Object(Config\Cache), false)
#11 C:\xampp\htdocs\komal\Codeigniter\MultiForm\system\Boot.php(325): CodeIgniter\CodeIgniter->run()
#12 C:\xampp\htdocs\komal\Codeigniter\MultiForm\system\Boot.php(67): CodeIgniter\Boot::runCodeIgniter(Object(CodeIgniter\CodeIgniter))
#13 C:\xampp\htdocs\komal\Codeigniter\MultiForm\public\index.php(56): CodeIgniter\Boot::bootWeb(Object(Config\Paths))
#14 C:\xampp\htdocs\komal\Codeigniter\MultiForm\system\rewrite.php(44): require_once('C:\\xampp\\htdocs...')
#15 {main}

Next CodeIgniter\Database\Exceptions\DatabaseException: Unknown database 'multistepdata' in C:\xampp\htdocs\komal\Codeigniter\MultiForm\system\Database\MySQLi\Connection.php:231
Stack trace:
#0 C:\xampp\htdocs\komal\Codeigniter\MultiForm\system\Database\BaseConnection.php(421): CodeIgniter\Database\MySQLi\Connection->connect(false)
#1 C:\xampp\htdocs\komal\Codeigniter\MultiForm\system\Database\BaseConnection.php(616): CodeIgniter\Database\BaseConnection->initialize()
#2 C:\xampp\htdocs\komal\Codeigniter\MultiForm\system\Database\BaseBuilder.php(2340): CodeIgniter\Database\BaseConnection->query('INSERT INTO `us...', Array, false)
#3 C:\xampp\htdocs\komal\Codeigniter\MultiForm\system\Model.php(394): CodeIgniter\Database\BaseBuilder->insert()
#4 C:\xampp\htdocs\komal\Codeigniter\MultiForm\system\BaseModel.php(840): CodeIgniter\Model->doInsert(Array)
#5 C:\xampp\htdocs\komal\Codeigniter\MultiForm\system\Model.php(802): CodeIgniter\BaseModel->insert(Array, true)
#6 C:\xampp\htdocs\komal\Codeigniter\MultiForm\app\Controllers\MultistepController.php(48): CodeIgniter\Model->insert(Array)
#7 C:\xampp\htdocs\komal\Codeigniter\MultiForm\system\CodeIgniter.php(933): App\Controllers\MultistepController->insertData()
#8 C:\xampp\htdocs\komal\Codeigniter\MultiForm\system\CodeIgniter.php(509): CodeIgniter\CodeIgniter->runController(Object(App\Controllers\MultistepController))
#9 C:\xampp\htdocs\komal\Codeigniter\MultiForm\system\CodeIgniter.php(355): CodeIgniter\CodeIgniter->handleRequest(NULL, Object(Config\Cache), false)
#10 C:\xampp\htdocs\komal\Codeigniter\MultiForm\system\Boot.php(325): CodeIgniter\CodeIgniter->run()
#11 C:\xampp\htdocs\komal\Codeigniter\MultiForm\system\Boot.php(67): CodeIgniter\Boot::runCodeIgniter(Object(CodeIgniter\CodeIgniter))
#12 C:\xampp\htdocs\komal\Codeigniter\MultiForm\public\index.php(56): CodeIgniter\Boot::bootWeb(Object(Config\Paths))
#13 C:\xampp\htdocs\komal\Codeigniter\MultiForm\system\rewrite.php(44): require_once('C:\\xampp\\htdocs...')
#14 {main}
CRITICAL - 2024-12-07 07:01:07 --> CodeIgniter\Database\Exceptions\DatabaseException: Unable to connect to the database.
Main connection [MySQLi]: Unknown database 'multistepdata'
[Method: POST, Route: insert]
in SYSTEMPATH\Database\BaseConnection.php on line 467.
 1 SYSTEMPATH\Database\BaseConnection.php(616): CodeIgniter\Database\BaseConnection->initialize()
 2 SYSTEMPATH\Database\BaseBuilder.php(2340): CodeIgniter\Database\BaseConnection->query('INSERT INTO `user` (`name`, `email`, `gender`, `hobbies`, `city`, `bio`, `resume`) VALUES (:name:, :email:, :gender:, :hobbies:, :city:, :bio:, :resume:)', [...], false)
 3 SYSTEMPATH\Model.php(394): CodeIgniter\Database\BaseBuilder->insert()
 4 SYSTEMPATH\BaseModel.php(840): CodeIgniter\Model->doInsert([...])
 5 SYSTEMPATH\Model.php(802): CodeIgniter\BaseModel->insert([...], true)
 6 APPPATH\Controllers\MultistepController.php(48): CodeIgniter\Model->insert([...])
 7 SYSTEMPATH\CodeIgniter.php(933): App\Controllers\MultistepController->insertData()
 8 SYSTEMPATH\CodeIgniter.php(509): CodeIgniter\CodeIgniter->runController(Object(App\Controllers\MultistepController))
 9 SYSTEMPATH\CodeIgniter.php(355): CodeIgniter\CodeIgniter->handleRequest(null, Object(Config\Cache), false)
10 SYSTEMPATH\Boot.php(325): CodeIgniter\CodeIgniter->run()
11 SYSTEMPATH\Boot.php(67): CodeIgniter\Boot::runCodeIgniter(Object(CodeIgniter\CodeIgniter))
12 FCPATH\index.php(56): CodeIgniter\Boot::bootWeb(Object(Config\Paths))
13 SYSTEMPATH\rewrite.php(44): require_once('C:\\xampp\\htdocs\\komal\\Codeigniter\\MultiForm\\public\\index.php')
ERROR - 2024-12-07 07:07:05 --> Error connecting to the database: mysqli_sql_exception: Unknown database 'multistepdata' in C:\xampp\htdocs\komal\Codeigniter\MultiForm\system\Database\MySQLi\Connection.php:186
Stack trace:
#0 C:\xampp\htdocs\komal\Codeigniter\MultiForm\system\Database\MySQLi\Connection.php(186): mysqli->real_connect('localhost', 'root', Object(SensitiveParameterValue), 'multistepdata', 3306, '', 0)
#1 C:\xampp\htdocs\komal\Codeigniter\MultiForm\system\Database\BaseConnection.php(421): CodeIgniter\Database\MySQLi\Connection->connect(false)
#2 C:\xampp\htdocs\komal\Codeigniter\MultiForm\system\Database\BaseConnection.php(616): CodeIgniter\Database\BaseConnection->initialize()
#3 C:\xampp\htdocs\komal\Codeigniter\MultiForm\system\Database\BaseBuilder.php(2340): CodeIgniter\Database\BaseConnection->query('INSERT INTO `us...', Array, false)
#4 C:\xampp\htdocs\komal\Codeigniter\MultiForm\system\Model.php(394): CodeIgniter\Database\BaseBuilder->insert()
#5 C:\xampp\htdocs\komal\Codeigniter\MultiForm\system\BaseModel.php(840): CodeIgniter\Model->doInsert(Array)
#6 C:\xampp\htdocs\komal\Codeigniter\MultiForm\system\Model.php(802): CodeIgniter\BaseModel->insert(Array, true)
#7 C:\xampp\htdocs\komal\Codeigniter\MultiForm\app\Controllers\MultistepController.php(48): CodeIgniter\Model->insert(Array)
#8 C:\xampp\htdocs\komal\Codeigniter\MultiForm\system\CodeIgniter.php(933): App\Controllers\MultistepController->insertData()
#9 C:\xampp\htdocs\komal\Codeigniter\MultiForm\system\CodeIgniter.php(509): CodeIgniter\CodeIgniter->runController(Object(App\Controllers\MultistepController))
#10 C:\xampp\htdocs\komal\Codeigniter\MultiForm\system\CodeIgniter.php(355): CodeIgniter\CodeIgniter->handleRequest(NULL, Object(Config\Cache), false)
#11 C:\xampp\htdocs\komal\Codeigniter\MultiForm\system\Boot.php(325): CodeIgniter\CodeIgniter->run()
#12 C:\xampp\htdocs\komal\Codeigniter\MultiForm\system\Boot.php(67): CodeIgniter\Boot::runCodeIgniter(Object(CodeIgniter\CodeIgniter))
#13 C:\xampp\htdocs\komal\Codeigniter\MultiForm\public\index.php(56): CodeIgniter\Boot::bootWeb(Object(Config\Paths))
#14 C:\xampp\htdocs\komal\Codeigniter\MultiForm\system\rewrite.php(44): require_once('C:\\xampp\\htdocs...')
#15 {main}

Next CodeIgniter\Database\Exceptions\DatabaseException: Unknown database 'multistepdata' in C:\xampp\htdocs\komal\Codeigniter\MultiForm\system\Database\MySQLi\Connection.php:231
Stack trace:
#0 C:\xampp\htdocs\komal\Codeigniter\MultiForm\system\Database\BaseConnection.php(421): CodeIgniter\Database\MySQLi\Connection->connect(false)
#1 C:\xampp\htdocs\komal\Codeigniter\MultiForm\system\Database\BaseConnection.php(616): CodeIgniter\Database\BaseConnection->initialize()
#2 C:\xampp\htdocs\komal\Codeigniter\MultiForm\system\Database\BaseBuilder.php(2340): CodeIgniter\Database\BaseConnection->query('INSERT INTO `us...', Array, false)
#3 C:\xampp\htdocs\komal\Codeigniter\MultiForm\system\Model.php(394): CodeIgniter\Database\BaseBuilder->insert()
#4 C:\xampp\htdocs\komal\Codeigniter\MultiForm\system\BaseModel.php(840): CodeIgniter\Model->doInsert(Array)
#5 C:\xampp\htdocs\komal\Codeigniter\MultiForm\system\Model.php(802): CodeIgniter\BaseModel->insert(Array, true)
#6 C:\xampp\htdocs\komal\Codeigniter\MultiForm\app\Controllers\MultistepController.php(48): CodeIgniter\Model->insert(Array)
#7 C:\xampp\htdocs\komal\Codeigniter\MultiForm\system\CodeIgniter.php(933): App\Controllers\MultistepController->insertData()
#8 C:\xampp\htdocs\komal\Codeigniter\MultiForm\system\CodeIgniter.php(509): CodeIgniter\CodeIgniter->runController(Object(App\Controllers\MultistepController))
#9 C:\xampp\htdocs\komal\Codeigniter\MultiForm\system\CodeIgniter.php(355): CodeIgniter\CodeIgniter->handleRequest(NULL, Object(Config\Cache), false)
#10 C:\xampp\htdocs\komal\Codeigniter\MultiForm\system\Boot.php(325): CodeIgniter\CodeIgniter->run()
#11 C:\xampp\htdocs\komal\Codeigniter\MultiForm\system\Boot.php(67): CodeIgniter\Boot::runCodeIgniter(Object(CodeIgniter\CodeIgniter))
#12 C:\xampp\htdocs\komal\Codeigniter\MultiForm\public\index.php(56): CodeIgniter\Boot::bootWeb(Object(Config\Paths))
#13 C:\xampp\htdocs\komal\Codeigniter\MultiForm\system\rewrite.php(44): require_once('C:\\xampp\\htdocs...')
#14 {main}
CRITICAL - 2024-12-07 07:07:05 --> CodeIgniter\Database\Exceptions\DatabaseException: Unable to connect to the database.
Main connection [MySQLi]: Unknown database 'multistepdata'
[Method: POST, Route: insert]
in SYSTEMPATH\Database\BaseConnection.php on line 467.
 1 SYSTEMPATH\Database\BaseConnection.php(616): CodeIgniter\Database\BaseConnection->initialize()
 2 SYSTEMPATH\Database\BaseBuilder.php(2340): CodeIgniter\Database\BaseConnection->query('INSERT INTO `user` (`name`, `email`, `gender`, `hobbies`, `city`, `bio`, `resume`) VALUES (:name:, :email:, :gender:, :hobbies:, :city:, :bio:, :resume:)', [...], false)
 3 SYSTEMPATH\Model.php(394): CodeIgniter\Database\BaseBuilder->insert()
 4 SYSTEMPATH\BaseModel.php(840): CodeIgniter\Model->doInsert([...])
 5 SYSTEMPATH\Model.php(802): CodeIgniter\BaseModel->insert([...], true)
 6 APPPATH\Controllers\MultistepController.php(48): CodeIgniter\Model->insert([...])
 7 SYSTEMPATH\CodeIgniter.php(933): App\Controllers\MultistepController->insertData()
 8 SYSTEMPATH\CodeIgniter.php(509): CodeIgniter\CodeIgniter->runController(Object(App\Controllers\MultistepController))
 9 SYSTEMPATH\CodeIgniter.php(355): CodeIgniter\CodeIgniter->handleRequest(null, Object(Config\Cache), false)
10 SYSTEMPATH\Boot.php(325): CodeIgniter\CodeIgniter->run()
11 SYSTEMPATH\Boot.php(67): CodeIgniter\Boot::runCodeIgniter(Object(CodeIgniter\CodeIgniter))
12 FCPATH\index.php(56): CodeIgniter\Boot::bootWeb(Object(Config\Paths))
13 SYSTEMPATH\rewrite.php(44): require_once('C:\\xampp\\htdocs\\komal\\Codeigniter\\MultiForm\\public\\index.php')
ERROR - 2024-12-07 07:12:12 --> Error connecting to the database: mysqli_sql_exception: Unknown database 'multistepdata' in C:\xampp\htdocs\komal\Codeigniter\MultiForm\system\Database\MySQLi\Connection.php:186
Stack trace:
#0 C:\xampp\htdocs\komal\Codeigniter\MultiForm\system\Database\MySQLi\Connection.php(186): mysqli->real_connect('localhost', 'root', Object(SensitiveParameterValue), 'multistepdata', 3306, '', 0)
#1 C:\xampp\htdocs\komal\Codeigniter\MultiForm\system\Database\BaseConnection.php(421): CodeIgniter\Database\MySQLi\Connection->connect(false)
#2 C:\xampp\htdocs\komal\Codeigniter\MultiForm\system\Database\BaseConnection.php(616): CodeIgniter\Database\BaseConnection->initialize()
#3 C:\xampp\htdocs\komal\Codeigniter\MultiForm\system\Database\BaseBuilder.php(2340): CodeIgniter\Database\BaseConnection->query('INSERT INTO `us...', Array, false)
#4 C:\xampp\htdocs\komal\Codeigniter\MultiForm\system\Model.php(394): CodeIgniter\Database\BaseBuilder->insert()
#5 C:\xampp\htdocs\komal\Codeigniter\MultiForm\system\BaseModel.php(840): CodeIgniter\Model->doInsert(Array)
#6 C:\xampp\htdocs\komal\Codeigniter\MultiForm\system\Model.php(802): CodeIgniter\BaseModel->insert(Array, true)
#7 C:\xampp\htdocs\komal\Codeigniter\MultiForm\app\Controllers\MultistepController.php(48): CodeIgniter\Model->insert(Array)
#8 C:\xampp\htdocs\komal\Codeigniter\MultiForm\system\CodeIgniter.php(933): App\Controllers\MultistepController->insertData()
#9 C:\xampp\htdocs\komal\Codeigniter\MultiForm\system\CodeIgniter.php(509): CodeIgniter\CodeIgniter->runController(Object(App\Controllers\MultistepController))
#10 C:\xampp\htdocs\komal\Codeigniter\MultiForm\system\CodeIgniter.php(355): CodeIgniter\CodeIgniter->handleRequest(NULL, Object(Config\Cache), false)
#11 C:\xampp\htdocs\komal\Codeigniter\MultiForm\system\Boot.php(325): CodeIgniter\CodeIgniter->run()
#12 C:\xampp\htdocs\komal\Codeigniter\MultiForm\system\Boot.php(67): CodeIgniter\Boot::runCodeIgniter(Object(CodeIgniter\CodeIgniter))
#13 C:\xampp\htdocs\komal\Codeigniter\MultiForm\public\index.php(56): CodeIgniter\Boot::bootWeb(Object(Config\Paths))
#14 C:\xampp\htdocs\komal\Codeigniter\MultiForm\system\rewrite.php(44): require_once('C:\\xampp\\htdocs...')
#15 {main}

Next CodeIgniter\Database\Exceptions\DatabaseException: Unknown database 'multistepdata' in C:\xampp\htdocs\komal\Codeigniter\MultiForm\system\Database\MySQLi\Connection.php:231
Stack trace:
#0 C:\xampp\htdocs\komal\Codeigniter\MultiForm\system\Database\BaseConnection.php(421): CodeIgniter\Database\MySQLi\Connection->connect(false)
#1 C:\xampp\htdocs\komal\Codeigniter\MultiForm\system\Database\BaseConnection.php(616): CodeIgniter\Database\BaseConnection->initialize()
#2 C:\xampp\htdocs\komal\Codeigniter\MultiForm\system\Database\BaseBuilder.php(2340): CodeIgniter\Database\BaseConnection->query('INSERT INTO `us...', Array, false)
#3 C:\xampp\htdocs\komal\Codeigniter\MultiForm\system\Model.php(394): CodeIgniter\Database\BaseBuilder->insert()
#4 C:\xampp\htdocs\komal\Codeigniter\MultiForm\system\BaseModel.php(840): CodeIgniter\Model->doInsert(Array)
#5 C:\xampp\htdocs\komal\Codeigniter\MultiForm\system\Model.php(802): CodeIgniter\BaseModel->insert(Array, true)
#6 C:\xampp\htdocs\komal\Codeigniter\MultiForm\app\Controllers\MultistepController.php(48): CodeIgniter\Model->insert(Array)
#7 C:\xampp\htdocs\komal\Codeigniter\MultiForm\system\CodeIgniter.php(933): App\Controllers\MultistepController->insertData()
#8 C:\xampp\htdocs\komal\Codeigniter\MultiForm\system\CodeIgniter.php(509): CodeIgniter\CodeIgniter->runController(Object(App\Controllers\MultistepController))
#9 C:\xampp\htdocs\komal\Codeigniter\MultiForm\system\CodeIgniter.php(355): CodeIgniter\CodeIgniter->handleRequest(NULL, Object(Config\Cache), false)
#10 C:\xampp\htdocs\komal\Codeigniter\MultiForm\system\Boot.php(325): CodeIgniter\CodeIgniter->run()
#11 C:\xampp\htdocs\komal\Codeigniter\MultiForm\system\Boot.php(67): CodeIgniter\Boot::runCodeIgniter(Object(CodeIgniter\CodeIgniter))
#12 C:\xampp\htdocs\komal\Codeigniter\MultiForm\public\index.php(56): CodeIgniter\Boot::bootWeb(Object(Config\Paths))
#13 C:\xampp\htdocs\komal\Codeigniter\MultiForm\system\rewrite.php(44): require_once('C:\\xampp\\htdocs...')
#14 {main}
CRITICAL - 2024-12-07 07:12:12 --> CodeIgniter\Database\Exceptions\DatabaseException: Unable to connect to the database.
Main connection [MySQLi]: Unknown database 'multistepdata'
[Method: POST, Route: insert]
in SYSTEMPATH\Database\BaseConnection.php on line 467.
 1 SYSTEMPATH\Database\BaseConnection.php(616): CodeIgniter\Database\BaseConnection->initialize()
 2 SYSTEMPATH\Database\BaseBuilder.php(2340): CodeIgniter\Database\BaseConnection->query('INSERT INTO `user` (`name`, `email`, `gender`, `hobbies`, `city`, `bio`, `resume`) VALUES (:name:, :email:, :gender:, :hobbies:, :city:, :bio:, :resume:)', [...], false)
 3 SYSTEMPATH\Model.php(394): CodeIgniter\Database\BaseBuilder->insert()
 4 SYSTEMPATH\BaseModel.php(840): CodeIgniter\Model->doInsert([...])
 5 SYSTEMPATH\Model.php(802): CodeIgniter\BaseModel->insert([...], true)
 6 APPPATH\Controllers\MultistepController.php(48): CodeIgniter\Model->insert([...])
 7 SYSTEMPATH\CodeIgniter.php(933): App\Controllers\MultistepController->insertData()
 8 SYSTEMPATH\CodeIgniter.php(509): CodeIgniter\CodeIgniter->runController(Object(App\Controllers\MultistepController))
 9 SYSTEMPATH\CodeIgniter.php(355): CodeIgniter\CodeIgniter->handleRequest(null, Object(Config\Cache), false)
10 SYSTEMPATH\Boot.php(325): CodeIgniter\CodeIgniter->run()
11 SYSTEMPATH\Boot.php(67): CodeIgniter\Boot::runCodeIgniter(Object(CodeIgniter\CodeIgniter))
12 FCPATH\index.php(56): CodeIgniter\Boot::bootWeb(Object(Config\Paths))
13 SYSTEMPATH\rewrite.php(44): require_once('C:\\xampp\\htdocs\\komal\\Codeigniter\\MultiForm\\public\\index.php')
ERROR - 2024-12-07 07:12:27 --> Error connecting to the database: mysqli_sql_exception: Unknown database 'multistepdata' in C:\xampp\htdocs\komal\Codeigniter\MultiForm\system\Database\MySQLi\Connection.php:186
Stack trace:
#0 C:\xampp\htdocs\komal\Codeigniter\MultiForm\system\Database\MySQLi\Connection.php(186): mysqli->real_connect('localhost', 'root', Object(SensitiveParameterValue), 'multistepdata', 3306, '', 0)
#1 C:\xampp\htdocs\komal\Codeigniter\MultiForm\system\Database\BaseConnection.php(421): CodeIgniter\Database\MySQLi\Connection->connect(false)
#2 C:\xampp\htdocs\komal\Codeigniter\MultiForm\system\Database\BaseConnection.php(616): CodeIgniter\Database\BaseConnection->initialize()
#3 C:\xampp\htdocs\komal\Codeigniter\MultiForm\system\Database\BaseBuilder.php(2340): CodeIgniter\Database\BaseConnection->query('INSERT INTO `us...', Array, false)
#4 C:\xampp\htdocs\komal\Codeigniter\MultiForm\system\Model.php(394): CodeIgniter\Database\BaseBuilder->insert()
#5 C:\xampp\htdocs\komal\Codeigniter\MultiForm\system\BaseModel.php(840): CodeIgniter\Model->doInsert(Array)
#6 C:\xampp\htdocs\komal\Codeigniter\MultiForm\system\Model.php(802): CodeIgniter\BaseModel->insert(Array, true)
#7 C:\xampp\htdocs\komal\Codeigniter\MultiForm\app\Controllers\MultistepController.php(48): CodeIgniter\Model->insert(Array)
#8 C:\xampp\htdocs\komal\Codeigniter\MultiForm\system\CodeIgniter.php(933): App\Controllers\MultistepController->insertData()
#9 C:\xampp\htdocs\komal\Codeigniter\MultiForm\system\CodeIgniter.php(509): CodeIgniter\CodeIgniter->runController(Object(App\Controllers\MultistepController))
#10 C:\xampp\htdocs\komal\Codeigniter\MultiForm\system\CodeIgniter.php(355): CodeIgniter\CodeIgniter->handleRequest(NULL, Object(Config\Cache), false)
#11 C:\xampp\htdocs\komal\Codeigniter\MultiForm\system\Boot.php(325): CodeIgniter\CodeIgniter->run()
#12 C:\xampp\htdocs\komal\Codeigniter\MultiForm\system\Boot.php(67): CodeIgniter\Boot::runCodeIgniter(Object(CodeIgniter\CodeIgniter))
#13 C:\xampp\htdocs\komal\Codeigniter\MultiForm\public\index.php(56): CodeIgniter\Boot::bootWeb(Object(Config\Paths))
#14 C:\xampp\htdocs\komal\Codeigniter\MultiForm\system\rewrite.php(44): require_once('C:\\xampp\\htdocs...')
#15 {main}

Next CodeIgniter\Database\Exceptions\DatabaseException: Unknown database 'multistepdata' in C:\xampp\htdocs\komal\Codeigniter\MultiForm\system\Database\MySQLi\Connection.php:231
Stack trace:
#0 C:\xampp\htdocs\komal\Codeigniter\MultiForm\system\Database\BaseConnection.php(421): CodeIgniter\Database\MySQLi\Connection->connect(false)
#1 C:\xampp\htdocs\komal\Codeigniter\MultiForm\system\Database\BaseConnection.php(616): CodeIgniter\Database\BaseConnection->initialize()
#2 C:\xampp\htdocs\komal\Codeigniter\MultiForm\system\Database\BaseBuilder.php(2340): CodeIgniter\Database\BaseConnection->query('INSERT INTO `us...', Array, false)
#3 C:\xampp\htdocs\komal\Codeigniter\MultiForm\system\Model.php(394): CodeIgniter\Database\BaseBuilder->insert()
#4 C:\xampp\htdocs\komal\Codeigniter\MultiForm\system\BaseModel.php(840): CodeIgniter\Model->doInsert(Array)
#5 C:\xampp\htdocs\komal\Codeigniter\MultiForm\system\Model.php(802): CodeIgniter\BaseModel->insert(Array, true)
#6 C:\xampp\htdocs\komal\Codeigniter\MultiForm\app\Controllers\MultistepController.php(48): CodeIgniter\Model->insert(Array)
#7 C:\xampp\htdocs\komal\Codeigniter\MultiForm\system\CodeIgniter.php(933): App\Controllers\MultistepController->insertData()
#8 C:\xampp\htdocs\komal\Codeigniter\MultiForm\system\CodeIgniter.php(509): CodeIgniter\CodeIgniter->runController(Object(App\Controllers\MultistepController))
#9 C:\xampp\htdocs\komal\Codeigniter\MultiForm\system\CodeIgniter.php(355): CodeIgniter\CodeIgniter->handleRequest(NULL, Object(Config\Cache), false)
#10 C:\xampp\htdocs\komal\Codeigniter\MultiForm\system\Boot.php(325): CodeIgniter\CodeIgniter->run()
#11 C:\xampp\htdocs\komal\Codeigniter\MultiForm\system\Boot.php(67): CodeIgniter\Boot::runCodeIgniter(Object(CodeIgniter\CodeIgniter))
#12 C:\xampp\htdocs\komal\Codeigniter\MultiForm\public\index.php(56): CodeIgniter\Boot::bootWeb(Object(Config\Paths))
#13 C:\xampp\htdocs\komal\Codeigniter\MultiForm\system\rewrite.php(44): require_once('C:\\xampp\\htdocs...')
#14 {main}
CRITICAL - 2024-12-07 07:12:27 --> CodeIgniter\Database\Exceptions\DatabaseException: Unable to connect to the database.
Main connection [MySQLi]: Unknown database 'multistepdata'
[Method: POST, Route: insert]
in SYSTEMPATH\Database\BaseConnection.php on line 467.
 1 SYSTEMPATH\Database\BaseConnection.php(616): CodeIgniter\Database\BaseConnection->initialize()
 2 SYSTEMPATH\Database\BaseBuilder.php(2340): CodeIgniter\Database\BaseConnection->query('INSERT INTO `user` (`name`, `email`, `gender`, `hobbies`, `city`, `bio`, `resume`) VALUES (:name:, :email:, :gender:, :hobbies:, :city:, :bio:, :resume:)', [...], false)
 3 SYSTEMPATH\Model.php(394): CodeIgniter\Database\BaseBuilder->insert()
 4 SYSTEMPATH\BaseModel.php(840): CodeIgniter\Model->doInsert([...])
 5 SYSTEMPATH\Model.php(802): CodeIgniter\BaseModel->insert([...], true)
 6 APPPATH\Controllers\MultistepController.php(48): CodeIgniter\Model->insert([...])
 7 SYSTEMPATH\CodeIgniter.php(933): App\Controllers\MultistepController->insertData()
 8 SYSTEMPATH\CodeIgniter.php(509): CodeIgniter\CodeIgniter->runController(Object(App\Controllers\MultistepController))
 9 SYSTEMPATH\CodeIgniter.php(355): CodeIgniter\CodeIgniter->handleRequest(null, Object(Config\Cache), false)
10 SYSTEMPATH\Boot.php(325): CodeIgniter\CodeIgniter->run()
11 SYSTEMPATH\Boot.php(67): CodeIgniter\Boot::runCodeIgniter(Object(CodeIgniter\CodeIgniter))
12 FCPATH\index.php(56): CodeIgniter\Boot::bootWeb(Object(Config\Paths))
13 SYSTEMPATH\rewrite.php(44): require_once('C:\\xampp\\htdocs\\komal\\Codeigniter\\MultiForm\\public\\index.php')
